Determining if the pthread_create exist failed with the following output:
Change Dir: /home/nvidia/SLAM/ros/ros_learning/catkin_ws/build/CMakeFiles/CMakeTmp

Run Build Command:"/usr/bin/make" "cmTC_cf242/fast"
/usr/bin/make -f CMakeFiles/cmTC_cf242.dir/build.make CMakeFiles/cmTC_cf242.dir/build
make[1]: Entering directory '/home/nvidia/SLAM/ros/ros_learning/catkin_ws/build/CMakeFiles/CMakeTmp'
Building C object CMakeFiles/cmTC_cf242.dir/CheckSymbolExists.c.o
/usr/bin/cc     -o CMakeFiles/cmTC_cf242.dir/CheckSymbolExists.c.o   -c /home/nvidia/SLAM/ros/ros_learning/catkin_ws/build/CMakeFiles/CMakeTmp/CheckSymbolExists.c
Linking C executable cmTC_cf242
/usr/bin/cmake -E cmake_link_script CMakeFiles/cmTC_cf242.dir/link.txt --verbose=1
/usr/bin/cc       CMakeFiles/cmTC_cf242.dir/CheckSymbolExists.c.o  -o cmTC_cf242 -rdynamic 
CMakeFiles/cmTC_cf242.dir/CheckSymbolExists.c.o: In function `main':
CheckSymbolExists.c:(.text+0x14): undefined reference to `pthread_create'
CheckSymbolExists.c:(.text+0x18): undefined reference to `pthread_create'
collect2: error: ld returned 1 exit status
CMakeFiles/cmTC_cf242.dir/build.make:97: recipe for target 'cmTC_cf242' failed
make[1]: *** [cmTC_cf242] Error 1
make[1]: Leaving directory '/home/nvidia/SLAM/ros/ros_learning/catkin_ws/build/CMakeFiles/CMakeTmp'
Makefile:126: recipe for target 'cmTC_cf242/fast' failed
make: *** [cmTC_cf242/fast] Error 2

File /home/nvidia/SLAM/ros/ros_learning/catkin_ws/build/CMakeFiles/CMakeTmp/CheckSymbolExists.c:
/* */
#include <pthread.h>

int main(int argc, char** argv)
{
  (void)argv;
#ifndef pthread_create
  return ((int*)(&pthread_create))[argc];
#else
  (void)argc;
  return 0;
#endif
}

Determining if the function pthread_create exists in the pthreads failed with the following output:
Change Dir: /home/nvidia/SLAM/ros/ros_learning/catkin_ws/build/CMakeFiles/CMakeTmp

Run Build Command:"/usr/bin/make" "cmTC_659ac/fast"
/usr/bin/make -f CMakeFiles/cmTC_659ac.dir/build.make CMakeFiles/cmTC_659ac.dir/build
make[1]: Entering directory '/home/nvidia/SLAM/ros/ros_learning/catkin_ws/build/CMakeFiles/CMakeTmp'
Building C object CMakeFiles/cmTC_659ac.dir/CheckFunctionExists.c.o
/usr/bin/cc    -DCHECK_FUNCTION_EXISTS=pthread_create   -o CMakeFiles/cmTC_659ac.dir/CheckFunctionExists.c.o   -c /usr/share/cmake-3.5/Modules/CheckFunctionExists.c
Linking C executable cmTC_659ac
/usr/bin/cmake -E cmake_link_script CMakeFiles/cmTC_659ac.dir/link.txt --verbose=1
/usr/bin/cc   -DCHECK_FUNCTION_EXISTS=pthread_create    CMakeFiles/cmTC_659ac.dir/CheckFunctionExists.c.o  -o cmTC_659ac -rdynamic -lpthreads 
/usr/bin/ld: cannot find -lpthreads
collect2: error: ld returned 1 exit status
CMakeFiles/cmTC_659ac.dir/build.make:97: recipe for target 'cmTC_659ac' failed
make[1]: *** [cmTC_659ac] Error 1
make[1]: Leaving directory '/home/nvidia/SLAM/ros/ros_learning/catkin_ws/build/CMakeFiles/CMakeTmp'
Makefile:126: recipe for target 'cmTC_659ac/fast' failed
make: *** [cmTC_659ac/fast] Error 2


